2023-11-11 18:20:41,627 - kedro.framework.session.session - INFO - Kedro project ASI
2023-11-11 18:20:42,488 - py.warnings - WARNING - C:\Users\Bartłomiej\pajton\lib\site-packages\lazy_loader\__init__.py:78: KedroDeprecationWarning: 'CSVDataSet' has been renamed to 'CSVDataset', and the alias will be removed in Kedro-Datasets 2.0.0
  attr = getattr(submod, name)

2023-11-11 18:20:42,496 - py.warnings - WARNING - C:\Users\Bartłomiej\pajton\lib\site-packages\lazy_loader\__init__.py:78: KedroDeprecationWarning: 'ParquetDataSet' has been renamed to 'ParquetDataset', and the alias will be removed in Kedro-Datasets 2.0.0
  attr = getattr(submod, name)

2023-11-11 18:20:42,504 - py.warnings - WARNING - C:\Users\Bartłomiej\pajton\lib\site-packages\lazy_loader\__init__.py:78: KedroDeprecationWarning: 'PickleDataSet' has been renamed to 'PickleDataset', and the alias will be removed in Kedro-Datasets 2.0.0
  attr = getattr(submod, name)

2023-11-11 18:20:42,520 - kedro.io.data_catalog - INFO - Loading data from 'universities' (CSVDataset)...
2023-11-11 18:20:42,548 - kedro.pipeline.node - INFO - Running node: preprocess_universities_node: preprocess_universities([universities]) -> [preprocessed_universities]
2023-11-11 18:20:42,578 - kedro.io.data_catalog - INFO - Saving data to 'preprocessed_universities' (ParquetDataset)...
2023-11-11 18:20:42,644 - kedro.runner.sequential_runner - INFO - Completed 1 out of 5 tasks
2023-11-11 18:20:42,647 - kedro.io.data_catalog - INFO - Loading data from 'preprocessed_universities' (ParquetDataset)...
2023-11-11 18:20:42,756 - kedro.pipeline.node - INFO - Running node: create_model_input_table_node: create_model_input_table([preprocessed_universities]) -> [model_input_table]
2023-11-11 18:20:42,789 - kedro.io.data_catalog - INFO - Saving data to 'model_input_table' (ParquetDataset)...
2023-11-11 18:20:42,806 - kedro.runner.sequential_runner - INFO - Completed 2 out of 5 tasks
2023-11-11 18:20:42,809 - kedro.io.data_catalog - INFO - Loading data from 'model_input_table' (ParquetDataset)...
2023-11-11 18:20:42,827 - kedro.io.data_catalog - INFO - Loading data from 'params:model_options' (MemoryDataset)...
2023-11-11 18:20:42,839 - kedro.pipeline.node - INFO - Running node: split_data_node: split_data([model_input_table,params:model_options]) -> [X_train,X_test,y_train,y_test]
2023-11-11 18:20:42,872 - kedro.io.data_catalog - INFO - Saving data to 'X_train' (MemoryDataset)...
2023-11-11 18:20:42,886 - kedro.io.data_catalog - INFO - Saving data to 'X_test' (MemoryDataset)...
2023-11-11 18:20:42,896 - kedro.io.data_catalog - INFO - Saving data to 'y_train' (MemoryDataset)...
2023-11-11 18:20:42,899 - kedro.io.data_catalog - INFO - Saving data to 'y_test' (MemoryDataset)...
2023-11-11 18:20:42,901 - kedro.runner.sequential_runner - INFO - Completed 3 out of 5 tasks
2023-11-11 18:20:42,904 - kedro.io.data_catalog - INFO - Loading data from 'X_train' (MemoryDataset)...
2023-11-11 18:20:42,912 - kedro.io.data_catalog - INFO - Loading data from 'y_train' (MemoryDataset)...
2023-11-11 18:20:42,921 - kedro.pipeline.node - INFO - Running node: train_model_node: train_model([X_train,y_train]) -> [regressor]
2023-11-11 18:20:42,940 - kedro.io.data_catalog - INFO - Saving data to 'regressor' (PickleDataset)...
2023-11-11 18:20:42,944 - kedro.runner.sequential_runner - INFO - Completed 4 out of 5 tasks
2023-11-11 18:20:42,946 - kedro.io.data_catalog - INFO - Loading data from 'regressor' (PickleDataset)...
2023-11-11 18:20:42,952 - kedro.io.data_catalog - INFO - Loading data from 'X_test' (MemoryDataset)...
2023-11-11 18:20:42,961 - kedro.io.data_catalog - INFO - Loading data from 'y_test' (MemoryDataset)...
2023-11-11 18:20:42,970 - kedro.pipeline.node - INFO - Running node: evaluate_model_node: evaluate_model([regressor,X_test,y_test]) -> None
2023-11-11 18:20:42,975 - new_kedro_project.pipelines.data_science.nodes - INFO - Model has a coefficient R^2 of 0.927 on test data.
2023-11-11 18:20:42,984 - kedro.runner.sequential_runner - INFO - Completed 5 out of 5 tasks
2023-11-11 18:20:42,986 - kedro.runner.sequential_runner - INFO - Pipeline execution completed successfully.
2023-11-11 18:24:39,278 - kedro.framework.session.session - INFO - Kedro project ASI
2023-11-11 18:24:40,163 - py.warnings - WARNING - C:\Users\Bartłomiej\pajton\lib\site-packages\lazy_loader\__init__.py:78: KedroDeprecationWarning: 'CSVDataSet' has been renamed to 'CSVDataset', and the alias will be removed in Kedro-Datasets 2.0.0
  attr = getattr(submod, name)

2023-11-11 18:24:40,169 - py.warnings - WARNING - C:\Users\Bartłomiej\pajton\lib\site-packages\lazy_loader\__init__.py:78: KedroDeprecationWarning: 'ParquetDataSet' has been renamed to 'ParquetDataset', and the alias will be removed in Kedro-Datasets 2.0.0
  attr = getattr(submod, name)

2023-11-11 18:24:40,176 - py.warnings - WARNING - C:\Users\Bartłomiej\pajton\lib\site-packages\lazy_loader\__init__.py:78: KedroDeprecationWarning: 'PickleDataSet' has been renamed to 'PickleDataset', and the alias will be removed in Kedro-Datasets 2.0.0
  attr = getattr(submod, name)

2023-11-11 18:24:40,190 - kedro.io.data_catalog - INFO - Loading data from 'universities' (CSVDataset)...
2023-11-11 18:24:40,218 - kedro.pipeline.node - INFO - Running node: preprocess_universities_node: preprocess_universities([universities]) -> [preprocessed_universities]
2023-11-11 18:24:40,248 - kedro.io.data_catalog - INFO - Saving data to 'preprocessed_universities' (ParquetDataset)...
2023-11-11 18:24:40,278 - kedro.runner.sequential_runner - INFO - Completed 1 out of 5 tasks
2023-11-11 18:24:40,280 - kedro.io.data_catalog - INFO - Loading data from 'preprocessed_universities' (ParquetDataset)...
2023-11-11 18:24:40,321 - kedro.pipeline.node - INFO - Running node: create_model_input_table_node: create_model_input_table([preprocessed_universities]) -> [model_input_table]
2023-11-11 18:24:40,353 - kedro.io.data_catalog - INFO - Saving data to 'model_input_table' (ParquetDataset)...
2023-11-11 18:24:40,370 - kedro.runner.sequential_runner - INFO - Completed 2 out of 5 tasks
2023-11-11 18:24:40,373 - kedro.io.data_catalog - INFO - Loading data from 'model_input_table' (ParquetDataset)...
2023-11-11 18:24:40,392 - kedro.io.data_catalog - INFO - Loading data from 'params:model_options' (MemoryDataset)...
2023-11-11 18:24:40,404 - kedro.pipeline.node - INFO - Running node: split_data_node: split_data([model_input_table,params:model_options]) -> [X_train,X_test,y_train,y_test]
2023-11-11 18:24:40,436 - kedro.io.data_catalog - INFO - Saving data to 'X_train' (MemoryDataset)...
2023-11-11 18:24:40,451 - kedro.io.data_catalog - INFO - Saving data to 'X_test' (MemoryDataset)...
2023-11-11 18:24:40,460 - kedro.io.data_catalog - INFO - Saving data to 'y_train' (MemoryDataset)...
2023-11-11 18:24:40,464 - kedro.io.data_catalog - INFO - Saving data to 'y_test' (MemoryDataset)...
2023-11-11 18:24:40,466 - kedro.runner.sequential_runner - INFO - Completed 3 out of 5 tasks
2023-11-11 18:24:40,468 - kedro.io.data_catalog - INFO - Loading data from 'X_train' (MemoryDataset)...
2023-11-11 18:24:40,477 - kedro.io.data_catalog - INFO - Loading data from 'y_train' (MemoryDataset)...
2023-11-11 18:24:40,486 - kedro.pipeline.node - INFO - Running node: train_model_node: train_model([X_train,y_train]) -> [regressor]
2023-11-11 18:24:40,499 - kedro.io.data_catalog - INFO - Saving data to 'regressor' (PickleDataset)...
2023-11-11 18:24:40,503 - kedro.runner.sequential_runner - INFO - Completed 4 out of 5 tasks
2023-11-11 18:24:40,506 - kedro.io.data_catalog - INFO - Loading data from 'regressor' (PickleDataset)...
2023-11-11 18:24:40,512 - kedro.io.data_catalog - INFO - Loading data from 'X_test' (MemoryDataset)...
2023-11-11 18:24:40,522 - kedro.io.data_catalog - INFO - Loading data from 'y_test' (MemoryDataset)...
2023-11-11 18:24:40,531 - kedro.pipeline.node - INFO - Running node: evaluate_model_node: evaluate_model([regressor,X_test,y_test]) -> None
2023-11-11 18:24:40,534 - new_kedro_project.pipelines.data_science.nodes - INFO - Model has a coefficient R^2 of 0.927 on test data.
2023-11-11 18:24:40,545 - kedro.runner.sequential_runner - INFO - Completed 5 out of 5 tasks
2023-11-11 18:24:40,547 - kedro.runner.sequential_runner - INFO - Pipeline execution completed successfully.
2023-11-11 18:25:59,781 - py.warnings - WARNING - C:\Users\Bartłomiej\pajton\lib\site-packages\lazy_loader\__init__.py:78: KedroDeprecationWarning: 'CSVDataSet' has been renamed to 'CSVDataset', and the alias will be removed in Kedro-Datasets 2.0.0
  attr = getattr(submod, name)

2023-11-11 18:25:59,789 - py.warnings - WARNING - C:\Users\Bartłomiej\pajton\lib\site-packages\lazy_loader\__init__.py:78: KedroDeprecationWarning: 'ParquetDataSet' has been renamed to 'ParquetDataset', and the alias will be removed in Kedro-Datasets 2.0.0
  attr = getattr(submod, name)

2023-11-11 18:25:59,795 - py.warnings - WARNING - C:\Users\Bartłomiej\pajton\lib\site-packages\lazy_loader\__init__.py:78: KedroDeprecationWarning: 'PickleDataSet' has been renamed to 'PickleDataset', and the alias will be removed in Kedro-Datasets 2.0.0
  attr = getattr(submod, name)

